TN:
SF:/Users/zperez/Desktop/Galactic-Age-Calculator/src/jupiter.js
FN:2,(anonymous_0)
FN:9,(anonymous_1)
FN:14,(anonymous_2)
FN:20,(anonymous_3)
FNF:4
FNH:4
FNDA:4,(anonymous_0)
FNDA:3,(anonymous_1)
FNDA:2,(anonymous_2)
FNDA:1,(anonymous_3)
DA:3,4
DA:4,4
DA:5,4
DA:6,4
DA:10,3
DA:11,3
DA:15,2
DA:16,2
DA:21,1
DA:22,1
DA:23,1
LF:11
LH:11
BRF:0
BRH:0
end_of_record
TN:
SF:/Users/zperez/Desktop/Galactic-Age-Calculator/src/mars.js
FN:2,(anonymous_0)
FN:9,(anonymous_1)
FN:14,(anonymous_2)
FN:20,(anonymous_3)
FNF:4
FNH:4
FNDA:4,(anonymous_0)
FNDA:3,(anonymous_1)
FNDA:2,(anonymous_2)
FNDA:1,(anonymous_3)
DA:3,4
DA:4,4
DA:5,4
DA:6,4
DA:10,3
DA:11,3
DA:15,2
DA:16,2
DA:21,1
DA:22,1
DA:23,1
LF:11
LH:11
BRF:0
BRH:0
end_of_record
TN:
SF:/Users/zperez/Desktop/Galactic-Age-Calculator/src/mercury.js
FN:2,(anonymous_0)
FN:9,(anonymous_1)
FN:14,(anonymous_2)
FN:20,(anonymous_3)
FNF:4
FNH:4
FNDA:4,(anonymous_0)
FNDA:3,(anonymous_1)
FNDA:2,(anonymous_2)
FNDA:1,(anonymous_3)
DA:3,4
DA:4,4
DA:5,4
DA:6,4
DA:10,3
DA:11,3
DA:15,2
DA:16,2
DA:21,1
DA:22,1
DA:23,1
LF:11
LH:11
BRF:0
BRH:0
end_of_record
TN:
SF:/Users/zperez/Desktop/Galactic-Age-Calculator/src/venus.js
FN:2,(anonymous_0)
FN:9,(anonymous_1)
FN:14,(anonymous_2)
FN:20,(anonymous_3)
FNF:4
FNH:4
FNDA:4,(anonymous_0)
FNDA:3,(anonymous_1)
FNDA:2,(anonymous_2)
FNDA:1,(anonymous_3)
DA:3,4
DA:4,4
DA:5,4
DA:6,4
DA:10,3
DA:11,3
DA:15,2
DA:16,2
DA:21,1
DA:22,1
DA:23,1
LF:11
LH:11
BRF:0
BRH:0
end_of_record
